2023/07/20 15:09:57 [warn] 1#1: protocol options redefined for 0.0.0.0:443 in /etc/nginx/conf.d/proxy.conf:71
2023/07/20 15:09:57 [notice] 1#1: using the "epoll" event method
2023/07/20 15:09:57 [notice] 1#1: nginx/1.25.1
2023/07/20 15:09:57 [notice] 1#1: built by gcc 12.2.0 (Debian 12.2.0-14) 
2023/07/20 15:09:57 [notice] 1#1: OS: Linux 4.18.0-500.el8.x86_64
2023/07/20 15:09:57 [notice] 1#1: getrlimit(RLIMIT_NOFILE): 1048576:1048576
2023/07/20 15:09:57 [notice] 1#1: start worker processes
2023/07/20 15:09:57 [notice] 1#1: start worker process 28
2023/07/20 15:09:57 [notice] 1#1: start worker process 29
2023/07/20 15:09:57 [notice] 1#1: start worker process 30
2023/07/20 15:09:57 [notice] 1#1: start worker process 31
2023/07/20 15:09:57 [notice] 1#1: start worker process 32
2023/07/20 15:09:57 [notice] 1#1: start worker process 33
2023/07/20 15:09:57 [notice] 1#1: start worker process 34
2023/07/20 15:09:57 [notice] 1#1: start worker process 35
2023/07/20 16:42:49 [notice] 1#1: signal 3 (SIGQUIT) received, shutting down
2023/07/20 16:42:49 [notice] 28#28: gracefully shutting down
2023/07/20 16:42:49 [notice] 31#31: gracefully shutting down
2023/07/20 16:42:49 [notice] 31#31: exiting
2023/07/20 16:42:49 [notice] 28#28: exiting
2023/07/20 16:42:49 [notice] 33#33: gracefully shutting down
2023/07/20 16:42:49 [notice] 33#33: exiting
2023/07/20 16:42:49 [notice] 35#35: gracefully shutting down
2023/07/20 16:42:49 [notice] 30#30: gracefully shutting down
2023/07/20 16:42:49 [notice] 35#35: exiting
2023/07/20 16:42:49 [notice] 31#31: exit
2023/07/20 16:42:49 [notice] 30#30: exiting
2023/07/20 16:42:49 [notice] 28#28: exit
2023/07/20 16:42:49 [notice] 33#33: exit
2023/07/20 16:42:49 [notice] 35#35: exit
2023/07/20 16:42:49 [notice] 30#30: exit
2023/07/20 16:42:49 [notice] 34#34: gracefully shutting down
2023/07/20 16:42:49 [notice] 34#34: exiting
2023/07/20 16:42:49 [notice] 34#34: exit
2023/07/20 16:42:49 [notice] 29#29: gracefully shutting down
2023/07/20 16:42:49 [notice] 29#29: exiting
2023/07/20 16:42:49 [notice] 29#29: exit
2023/07/20 16:42:49 [notice] 32#32: gracefully shutting down
2023/07/20 16:42:49 [notice] 32#32: exiting
2023/07/20 16:42:49 [notice] 32#32: exit
2023/07/20 16:42:49 [notice] 1#1: signal 17 (SIGCHLD) received from 28
2023/07/20 16:42:49 [notice] 1#1: worker process 28 exited with code 0
2023/07/20 16:42:49 [notice] 1#1: worker process 33 exited with code 0
2023/07/20 16:42:49 [notice] 1#1: worker process 34 exited with code 0
2023/07/20 16:42:49 [notice] 1#1: worker process 35 exited with code 0
2023/07/20 16:42:49 [notice] 1#1: signal 29 (SIGIO) received
2023/07/20 16:42:49 [notice] 1#1: signal 17 (SIGCHLD) received from 35
2023/07/20 16:42:49 [notice] 1#1: signal 17 (SIGCHLD) received from 31
2023/07/20 16:42:49 [notice] 1#1: worker process 31 exited with code 0
2023/07/20 16:42:49 [notice] 1#1: signal 29 (SIGIO) received
2023/07/20 16:42:49 [notice] 1#1: signal 17 (SIGCHLD) received from 30
2023/07/20 16:42:49 [notice] 1#1: worker process 30 exited with code 0
2023/07/20 16:42:49 [notice] 1#1: worker process 32 exited with code 0
2023/07/20 16:42:49 [notice] 1#1: signal 29 (SIGIO) received
2023/07/20 16:42:49 [notice] 1#1: signal 17 (SIGCHLD) received from 29
2023/07/20 16:42:49 [notice] 1#1: worker process 29 exited with code 0
2023/07/20 16:42:49 [notice] 1#1: exit
2023/07/20 16:42:53 [warn] 1#1: protocol options redefined for 0.0.0.0:443 in /etc/nginx/conf.d/proxy.conf:71
2023/07/20 16:42:53 [notice] 1#1: using the "epoll" event method
2023/07/20 16:42:53 [notice] 1#1: nginx/1.25.1
2023/07/20 16:42:53 [notice] 1#1: built by gcc 12.2.0 (Debian 12.2.0-14) 
2023/07/20 16:42:53 [notice] 1#1: OS: Linux 4.18.0-500.el8.x86_64
2023/07/20 16:42:53 [notice] 1#1: getrlimit(RLIMIT_NOFILE): 1048576:1048576
2023/07/20 16:42:53 [notice] 1#1: start worker processes
2023/07/20 16:42:53 [notice] 1#1: start worker process 28
2023/07/20 16:42:53 [notice] 1#1: start worker process 29
2023/07/20 16:42:53 [notice] 1#1: start worker process 30
2023/07/20 16:42:53 [notice] 1#1: start worker process 31
2023/07/20 16:42:53 [notice] 1#1: start worker process 32
2023/07/20 16:42:53 [notice] 1#1: start worker process 33
2023/07/20 16:42:53 [notice] 1#1: start worker process 34
2023/07/20 16:42:53 [notice] 1#1: start worker process 35
2023/07/20 16:57:49 [notice] 1#1: signal 3 (SIGQUIT) received, shutting down
2023/07/20 16:57:49 [notice] 29#29: gracefully shutting down
2023/07/20 16:57:49 [notice] 30#30: gracefully shutting down
2023/07/20 16:57:49 [notice] 35#35: gracefully shutting down
2023/07/20 16:57:49 [notice] 31#31: gracefully shutting down
2023/07/20 16:57:49 [notice] 30#30: exiting
2023/07/20 16:57:49 [notice] 35#35: exiting
2023/07/20 16:57:49 [notice] 32#32: gracefully shutting down
2023/07/20 16:57:49 [notice] 31#31: exiting
2023/07/20 16:57:49 [notice] 32#32: exiting
2023/07/20 16:57:49 [notice] 34#34: gracefully shutting down
2023/07/20 16:57:49 [notice] 34#34: exiting
2023/07/20 16:57:49 [notice] 35#35: exit
2023/07/20 16:57:49 [notice] 31#31: exit
2023/07/20 16:57:49 [notice] 30#30: exit
2023/07/20 16:57:49 [notice] 32#32: exit
2023/07/20 16:57:49 [notice] 34#34: exit
2023/07/20 16:57:49 [notice] 28#28: gracefully shutting down
2023/07/20 16:57:49 [notice] 28#28: exiting
2023/07/20 16:57:49 [notice] 33#33: gracefully shutting down
2023/07/20 16:57:49 [notice] 33#33: exiting
2023/07/20 16:57:49 [notice] 28#28: exit
2023/07/20 16:57:49 [notice] 33#33: exit
2023/07/20 16:57:49 [notice] 1#1: signal 17 (SIGCHLD) received from 35
2023/07/20 16:57:49 [notice] 1#1: worker process 34 exited with code 0
2023/07/20 16:57:49 [notice] 1#1: worker process 35 exited with code 0
2023/07/20 16:57:49 [notice] 1#1: signal 29 (SIGIO) received
2023/07/20 16:57:49 [notice] 1#1: signal 17 (SIGCHLD) received from 30
2023/07/20 16:57:49 [notice] 1#1: worker process 30 exited with code 0
2023/07/20 16:57:49 [notice] 1#1: worker process 31 exited with code 0
2023/07/20 16:57:49 [notice] 1#1: worker process 32 exited with code 0
2023/07/20 16:57:49 [notice] 1#1: signal 29 (SIGIO) received
2023/07/20 16:57:49 [notice] 1#1: signal 17 (SIGCHLD) received from 28
2023/07/20 16:57:49 [notice] 1#1: worker process 28 exited with code 0
2023/07/20 16:57:49 [notice] 1#1: signal 29 (SIGIO) received
2023/07/20 16:57:49 [notice] 1#1: signal 17 (SIGCHLD) received from 33
2023/07/20 16:57:49 [notice] 1#1: worker process 33 exited with code 0
2023/07/20 16:57:49 [notice] 1#1: signal 29 (SIGIO) received
2023/07/20 16:57:49 [notice] 29#29: exiting
2023/07/20 16:57:49 [notice] 29#29: exit
2023/07/20 16:57:49 [notice] 1#1: signal 17 (SIGCHLD) received from 29
2023/07/20 16:57:49 [notice] 1#1: worker process 29 exited with code 0
2023/07/20 16:57:49 [notice] 1#1: exit
2023/07/20 16:57:49 [warn] 1#1: protocol options redefined for 0.0.0.0:443 in /etc/nginx/conf.d/proxy.conf:71
2023/07/20 16:57:49 [emerg] 1#1: host not found in upstream "prometheus" in /etc/nginx/conf.d/proxy.conf:57
2023/07/20 16:57:50 [warn] 1#1: protocol options redefined for 0.0.0.0:443 in /etc/nginx/conf.d/proxy.conf:71
2023/07/20 16:57:50 [emerg] 1#1: host not found in upstream "prometheus" in /etc/nginx/conf.d/proxy.conf:57
2023/07/20 16:57:50 [warn] 1#1: protocol options redefined for 0.0.0.0:443 in /etc/nginx/conf.d/proxy.conf:71
2023/07/20 16:57:50 [emerg] 1#1: host not found in upstream "prometheus" in /etc/nginx/conf.d/proxy.conf:57
2023/07/20 16:57:51 [warn] 1#1: protocol options redefined for 0.0.0.0:443 in /etc/nginx/conf.d/proxy.conf:71
2023/07/20 16:57:51 [emerg] 1#1: host not found in upstream "prometheus" in /etc/nginx/conf.d/proxy.conf:57
2023/07/20 16:57:52 [warn] 1#1: protocol options redefined for 0.0.0.0:443 in /etc/nginx/conf.d/proxy.conf:71
2023/07/20 16:57:52 [emerg] 1#1: host not found in upstream "prometheus" in /etc/nginx/conf.d/proxy.conf:57
2023/07/20 16:57:54 [warn] 1#1: protocol options redefined for 0.0.0.0:443 in /etc/nginx/conf.d/proxy.conf:71
2023/07/20 16:57:54 [emerg] 1#1: host not found in upstream "prometheus" in /etc/nginx/conf.d/proxy.conf:57
2023/07/20 16:57:57 [warn] 1#1: protocol options redefined for 0.0.0.0:443 in /etc/nginx/conf.d/proxy.conf:71
2023/07/20 16:57:57 [emerg] 1#1: host not found in upstream "prometheus" in /etc/nginx/conf.d/proxy.conf:57
2023/07/20 16:58:04 [warn] 1#1: protocol options redefined for 0.0.0.0:443 in /etc/nginx/conf.d/proxy.conf:71
2023/07/20 16:58:04 [emerg] 1#1: host not found in upstream "prometheus" in /etc/nginx/conf.d/proxy.conf:57
2023/07/20 16:58:17 [warn] 1#1: protocol options redefined for 0.0.0.0:443 in /etc/nginx/conf.d/proxy.conf:71
2023/07/20 16:58:17 [emerg] 1#1: host not found in upstream "prometheus" in /etc/nginx/conf.d/proxy.conf:57
2023/07/20 16:58:43 [warn] 1#1: protocol options redefined for 0.0.0.0:443 in /etc/nginx/conf.d/proxy.conf:71
2023/07/20 16:58:43 [emerg] 1#1: host not found in upstream "prometheus" in /etc/nginx/conf.d/proxy.conf:57
2023/07/20 16:59:20 [warn] 1#1: protocol options redefined for 0.0.0.0:443 in /etc/nginx/conf.d/proxy.conf:71
2023/07/20 16:59:20 [notice] 1#1: using the "epoll" event method
2023/07/20 16:59:20 [notice] 1#1: nginx/1.25.1
2023/07/20 16:59:20 [notice] 1#1: built by gcc 12.2.0 (Debian 12.2.0-14) 
2023/07/20 16:59:20 [notice] 1#1: OS: Linux 4.18.0-500.el8.x86_64
2023/07/20 16:59:20 [notice] 1#1: getrlimit(RLIMIT_NOFILE): 1048576:1048576
2023/07/20 16:59:20 [notice] 1#1: start worker processes
2023/07/20 16:59:20 [notice] 1#1: start worker process 28
2023/07/20 16:59:20 [notice] 1#1: start worker process 29
2023/07/20 16:59:20 [notice] 1#1: start worker process 30
2023/07/20 16:59:20 [notice] 1#1: start worker process 31
2023/07/20 16:59:20 [notice] 1#1: start worker process 32
2023/07/20 16:59:20 [notice] 1#1: start worker process 33
2023/07/20 16:59:20 [notice] 1#1: start worker process 34
2023/07/20 16:59:20 [notice] 1#1: start worker process 35
2023/07/20 21:53:19 [notice] 1#1: signal 3 (SIGQUIT) received, shutting down
2023/07/20 21:53:19 [notice] 28#28: gracefully shutting down
2023/07/20 21:53:19 [notice] 31#31: gracefully shutting down
2023/07/20 21:53:19 [notice] 30#30: gracefully shutting down
2023/07/20 21:53:19 [notice] 32#32: gracefully shutting down
2023/07/20 21:53:19 [notice] 33#33: gracefully shutting down
2023/07/20 21:53:19 [notice] 34#34: gracefully shutting down
2023/07/20 21:53:19 [notice] 28#28: exiting
2023/07/20 21:53:19 [notice] 31#31: exiting
2023/07/20 21:53:19 [notice] 30#30: exiting
2023/07/20 21:53:19 [notice] 32#32: exiting
2023/07/20 21:53:19 [notice] 33#33: exiting
2023/07/20 21:53:19 [notice] 34#34: exiting
2023/07/20 21:53:19 [notice] 32#32: exit
2023/07/20 21:53:19 [notice] 30#30: exit
2023/07/20 21:53:19 [notice] 33#33: exit
2023/07/20 21:53:19 [notice] 34#34: exit
2023/07/20 21:53:19 [notice] 31#31: exit
2023/07/20 21:53:19 [notice] 28#28: exit
2023/07/20 21:53:19 [notice] 35#35: gracefully shutting down
2023/07/20 21:53:19 [notice] 29#29: gracefully shutting down
2023/07/20 21:53:19 [notice] 35#35: exiting
2023/07/20 21:53:19 [notice] 29#29: exiting
2023/07/20 21:53:19 [notice] 35#35: exit
2023/07/20 21:53:19 [notice] 29#29: exit
2023/07/20 21:53:19 [notice] 1#1: signal 17 (SIGCHLD) received from 35
2023/07/20 21:53:19 [notice] 1#1: worker process 35 exited with code 0
2023/07/20 21:53:19 [notice] 1#1: signal 29 (SIGIO) received
2023/07/20 21:53:19 [notice] 1#1: signal 17 (SIGCHLD) received from 32
2023/07/20 21:53:19 [notice] 1#1: worker process 32 exited with code 0
2023/07/20 21:53:19 [notice] 1#1: signal 29 (SIGIO) received
2023/07/20 21:53:19 [notice] 1#1: signal 17 (SIGCHLD) received from 30
2023/07/20 21:53:19 [notice] 1#1: worker process 30 exited with code 0
2023/07/20 21:53:19 [notice] 1#1: worker process 31 exited with code 0
2023/07/20 21:53:19 [notice] 1#1: worker process 33 exited with code 0
2023/07/20 21:53:19 [notice] 1#1: worker process 29 exited with code 0
2023/07/20 21:53:19 [notice] 1#1: worker process 34 exited with code 0
2023/07/20 21:53:19 [notice] 1#1: signal 29 (SIGIO) received
2023/07/20 21:53:19 [notice] 1#1: signal 17 (SIGCHLD) received from 29
2023/07/20 21:53:19 [notice] 1#1: signal 17 (SIGCHLD) received from 28
2023/07/20 21:53:19 [notice] 1#1: worker process 28 exited with code 0
2023/07/20 21:53:19 [notice] 1#1: exit
2023/07/20 21:53:20 [warn] 1#1: protocol options redefined for 0.0.0.0:443 in /etc/nginx/conf.d/proxy.conf:71
2023/07/20 21:53:20 [notice] 1#1: using the "epoll" event method
2023/07/20 21:53:20 [notice] 1#1: nginx/1.25.1
2023/07/20 21:53:20 [notice] 1#1: built by gcc 12.2.0 (Debian 12.2.0-14) 
2023/07/20 21:53:20 [notice] 1#1: OS: Linux 4.18.0-500.el8.x86_64
2023/07/20 21:53:20 [notice] 1#1: getrlimit(RLIMIT_NOFILE): 1048576:1048576
2023/07/20 21:53:20 [notice] 1#1: start worker processes
2023/07/20 21:53:20 [notice] 1#1: start worker process 28
2023/07/20 21:53:20 [notice] 1#1: start worker process 29
2023/07/20 21:53:20 [notice] 1#1: start worker process 30
2023/07/20 21:53:20 [notice] 1#1: start worker process 31
2023/07/20 21:53:20 [notice] 1#1: start worker process 32
2023/07/20 21:53:20 [notice] 1#1: start worker process 33
2023/07/20 21:53:20 [notice] 1#1: start worker process 34
2023/07/20 21:53:20 [notice] 1#1: start worker process 35
2023/07/20 22:14:49 [notice] 1#1: signal 3 (SIGQUIT) received, shutting down
2023/07/20 22:14:49 [notice] 28#28: gracefully shutting down
2023/07/20 22:14:49 [notice] 33#33: gracefully shutting down
2023/07/20 22:14:49 [notice] 28#28: exiting
2023/07/20 22:14:49 [notice] 30#30: gracefully shutting down
2023/07/20 22:14:49 [notice] 33#33: exiting
2023/07/20 22:14:49 [notice] 35#35: gracefully shutting down
2023/07/20 22:14:49 [notice] 35#35: exiting
2023/07/20 22:14:49 [notice] 28#28: exit
2023/07/20 22:14:49 [notice] 33#33: exit
2023/07/20 22:14:49 [notice] 30#30: exiting
2023/07/20 22:14:49 [notice] 35#35: exit
2023/07/20 22:14:49 [notice] 30#30: exit
2023/07/20 22:14:49 [notice] 32#32: gracefully shutting down
2023/07/20 22:14:49 [notice] 32#32: exiting
2023/07/20 22:14:49 [notice] 34#34: gracefully shutting down
2023/07/20 22:14:49 [notice] 32#32: exit
2023/07/20 22:14:49 [notice] 34#34: exiting
2023/07/20 22:14:49 [notice] 34#34: exit
2023/07/20 22:14:49 [notice] 31#31: gracefully shutting down
2023/07/20 22:14:49 [notice] 31#31: exiting
2023/07/20 22:14:49 [notice] 31#31: exit
2023/07/20 22:14:49 [notice] 29#29: gracefully shutting down
2023/07/20 22:14:49 [notice] 29#29: exiting
2023/07/20 22:14:49 [notice] 29#29: exit
2023/07/20 22:14:49 [notice] 1#1: signal 17 (SIGCHLD) received from 28
2023/07/20 22:14:49 [notice] 1#1: worker process 28 exited with code 0
2023/07/20 22:14:49 [notice] 1#1: signal 29 (SIGIO) received
2023/07/20 22:14:49 [notice] 1#1: signal 17 (SIGCHLD) received from 35
2023/07/20 22:14:49 [notice] 1#1: worker process 31 exited with code 0
2023/07/20 22:14:49 [notice] 1#1: worker process 32 exited with code 0
2023/07/20 22:14:49 [notice] 1#1: worker process 33 exited with code 0
2023/07/20 22:14:49 [notice] 1#1: worker process 35 exited with code 0
2023/07/20 22:14:49 [notice] 1#1: signal 29 (SIGIO) received
2023/07/20 22:14:49 [notice] 1#1: signal 17 (SIGCHLD) received from 33
2023/07/20 22:14:49 [notice] 1#1: signal 17 (SIGCHLD) received from 30
2023/07/20 22:14:49 [notice] 1#1: worker process 29 exited with code 0
2023/07/20 22:14:49 [notice] 1#1: worker process 30 exited with code 0
2023/07/20 22:14:49 [notice] 1#1: worker process 34 exited with code 0
2023/07/20 22:14:49 [notice] 1#1: exit
2023/07/20 22:14:49 [warn] 1#1: protocol options redefined for 0.0.0.0:443 in /etc/nginx/conf.d/proxy.conf:71
2023/07/20 22:14:49 [notice] 1#1: using the "epoll" event method
2023/07/20 22:14:49 [notice] 1#1: nginx/1.25.1
2023/07/20 22:14:49 [notice] 1#1: built by gcc 12.2.0 (Debian 12.2.0-14) 
2023/07/20 22:14:49 [notice] 1#1: OS: Linux 4.18.0-500.el8.x86_64
2023/07/20 22:14:49 [notice] 1#1: getrlimit(RLIMIT_NOFILE): 1048576:1048576
2023/07/20 22:14:49 [notice] 1#1: start worker processes
2023/07/20 22:14:49 [notice] 1#1: start worker process 28
2023/07/20 22:14:49 [notice] 1#1: start worker process 29
2023/07/20 22:14:49 [notice] 1#1: start worker process 30
2023/07/20 22:14:49 [notice] 1#1: start worker process 31
2023/07/20 22:14:49 [notice] 1#1: start worker process 32
2023/07/20 22:14:49 [notice] 1#1: start worker process 33
2023/07/20 22:14:49 [notice] 1#1: start worker process 34
2023/07/20 22:14:49 [notice] 1#1: start worker process 35
2023/07/20 22:16:51 [notice] 1#1: signal 3 (SIGQUIT) received, shutting down
2023/07/20 22:16:51 [notice] 29#29: gracefully shutting down
2023/07/20 22:16:51 [notice] 30#30: gracefully shutting down
2023/07/20 22:16:51 [notice] 31#31: gracefully shutting down
2023/07/20 22:16:51 [notice] 32#32: gracefully shutting down
2023/07/20 22:16:51 [notice] 28#28: gracefully shutting down
2023/07/20 22:16:51 [notice] 33#33: gracefully shutting down
2023/07/20 22:16:51 [notice] 30#30: exiting
2023/07/20 22:16:51 [notice] 31#31: exiting
2023/07/20 22:16:51 [notice] 32#32: exiting
2023/07/20 22:16:51 [notice] 28#28: exiting
2023/07/20 22:16:51 [notice] 33#33: exiting
2023/07/20 22:16:51 [notice] 29#29: exiting
2023/07/20 22:16:51 [notice] 32#32: exit
2023/07/20 22:16:51 [notice] 30#30: exit
2023/07/20 22:16:51 [notice] 29#29: exit
2023/07/20 22:16:51 [notice] 28#28: exit
2023/07/20 22:16:51 [notice] 33#33: exit
2023/07/20 22:16:51 [notice] 31#31: exit
2023/07/20 22:16:51 [notice] 35#35: gracefully shutting down
2023/07/20 22:16:51 [notice] 34#34: gracefully shutting down
2023/07/20 22:16:51 [notice] 35#35: exiting
2023/07/20 22:16:51 [notice] 34#34: exiting
2023/07/20 22:16:51 [notice] 35#35: exit
2023/07/20 22:16:51 [notice] 34#34: exit
2023/07/20 22:16:51 [notice] 1#1: signal 17 (SIGCHLD) received from 34
2023/07/20 22:16:51 [notice] 1#1: worker process 34 exited with code 0
2023/07/20 22:16:51 [notice] 1#1: signal 29 (SIGIO) received
2023/07/20 22:16:51 [notice] 1#1: signal 17 (SIGCHLD) received from 29
2023/07/20 22:16:51 [notice] 1#1: worker process 29 exited with code 0
2023/07/20 22:16:51 [notice] 1#1: signal 29 (SIGIO) received
2023/07/20 22:16:51 [notice] 1#1: signal 17 (SIGCHLD) received from 32
2023/07/20 22:16:51 [notice] 1#1: worker process 28 exited with code 0
2023/07/20 22:16:51 [notice] 1#1: worker process 30 exited with code 0
2023/07/20 22:16:51 [notice] 1#1: worker process 31 exited with code 0
2023/07/20 22:16:51 [notice] 1#1: worker process 32 exited with code 0
2023/07/20 22:16:51 [notice] 1#1: worker process 33 exited with code 0
2023/07/20 22:16:51 [notice] 1#1: signal 29 (SIGIO) received
2023/07/20 22:16:51 [notice] 1#1: signal 17 (SIGCHLD) received from 35
2023/07/20 22:16:51 [notice] 1#1: worker process 35 exited with code 0
2023/07/20 22:16:51 [notice] 1#1: exit
2023/07/20 22:16:51 [warn] 1#1: protocol options redefined for 0.0.0.0:443 in /etc/nginx/conf.d/proxy.conf:71
2023/07/20 22:16:51 [notice] 1#1: using the "epoll" event method
2023/07/20 22:16:51 [notice] 1#1: nginx/1.25.1
2023/07/20 22:16:51 [notice] 1#1: built by gcc 12.2.0 (Debian 12.2.0-14) 
2023/07/20 22:16:51 [notice] 1#1: OS: Linux 4.18.0-500.el8.x86_64
2023/07/20 22:16:51 [notice] 1#1: getrlimit(RLIMIT_NOFILE): 1048576:1048576
2023/07/20 22:16:51 [notice] 1#1: start worker processes
2023/07/20 22:16:51 [notice] 1#1: start worker process 28
2023/07/20 22:16:51 [notice] 1#1: start worker process 29
2023/07/20 22:16:51 [notice] 1#1: start worker process 30
2023/07/20 22:16:51 [notice] 1#1: start worker process 31
2023/07/20 22:16:51 [notice] 1#1: start worker process 32
2023/07/20 22:16:51 [notice] 1#1: start worker process 33
2023/07/20 22:16:51 [notice] 1#1: start worker process 34
2023/07/20 22:16:51 [notice] 1#1: start worker process 35
2023/07/20 22:17:51 [notice] 1#1: signal 3 (SIGQUIT) received, shutting down
2023/07/20 22:17:51 [notice] 29#29: gracefully shutting down
2023/07/20 22:17:51 [notice] 30#30: gracefully shutting down
2023/07/20 22:17:51 [notice] 31#31: gracefully shutting down
2023/07/20 22:17:51 [notice] 32#32: gracefully shutting down
2023/07/20 22:17:51 [notice] 30#30: exiting
2023/07/20 22:17:51 [notice] 31#31: exiting
2023/07/20 22:17:51 [notice] 32#32: exiting
2023/07/20 22:17:51 [notice] 34#34: gracefully shutting down
2023/07/20 22:17:51 [notice] 29#29: exiting
2023/07/20 22:17:51 [notice] 34#34: exiting
2023/07/20 22:17:51 [notice] 30#30: exit
2023/07/20 22:17:51 [notice] 31#31: exit
2023/07/20 22:17:51 [notice] 32#32: exit
2023/07/20 22:17:51 [notice] 29#29: exit
2023/07/20 22:17:51 [notice] 34#34: exit
2023/07/20 22:17:51 [notice] 33#33: gracefully shutting down
2023/07/20 22:17:51 [notice] 33#33: exiting
2023/07/20 22:17:51 [notice] 35#35: gracefully shutting down
2023/07/20 22:17:51 [notice] 35#35: exiting
2023/07/20 22:17:51 [notice] 28#28: gracefully shutting down
2023/07/20 22:17:51 [notice] 28#28: exiting
2023/07/20 22:17:51 [notice] 35#35: exit
2023/07/20 22:17:51 [notice] 33#33: exit
2023/07/20 22:17:51 [notice] 28#28: exit
2023/07/20 22:17:51 [notice] 1#1: signal 17 (SIGCHLD) received from 30
2023/07/20 22:17:51 [notice] 1#1: worker process 30 exited with code 0
2023/07/20 22:17:51 [notice] 1#1: worker process 31 exited with code 0
2023/07/20 22:17:51 [notice] 1#1: signal 29 (SIGIO) received
2023/07/20 22:17:51 [notice] 1#1: signal 17 (SIGCHLD) received from 35
2023/07/20 22:17:51 [notice] 1#1: worker process 34 exited with code 0
2023/07/20 22:17:51 [notice] 1#1: worker process 35 exited with code 0
2023/07/20 22:17:51 [notice] 1#1: signal 29 (SIGIO) received
2023/07/20 22:17:51 [notice] 1#1: signal 17 (SIGCHLD) received from 29
2023/07/20 22:17:51 [notice] 1#1: worker process 29 exited with code 0
2023/07/20 22:17:51 [notice] 1#1: signal 29 (SIGIO) received
2023/07/20 22:17:51 [notice] 1#1: signal 17 (SIGCHLD) received from 28
2023/07/20 22:17:51 [notice] 1#1: worker process 28 exited with code 0
2023/07/20 22:17:51 [notice] 1#1: signal 29 (SIGIO) received
2023/07/20 22:17:51 [notice] 1#1: signal 17 (SIGCHLD) received from 33
2023/07/20 22:17:51 [notice] 1#1: worker process 33 exited with code 0
2023/07/20 22:17:51 [notice] 1#1: signal 29 (SIGIO) received
2023/07/20 22:17:51 [notice] 1#1: signal 17 (SIGCHLD) received from 32
2023/07/20 22:17:51 [notice] 1#1: worker process 32 exited with code 0
2023/07/20 22:17:51 [notice] 1#1: exit
2023/07/20 22:17:51 [warn] 1#1: protocol options redefined for 0.0.0.0:443 in /etc/nginx/conf.d/proxy.conf:71
2023/07/20 22:17:51 [notice] 1#1: using the "epoll" event method
2023/07/20 22:17:51 [notice] 1#1: nginx/1.25.1
2023/07/20 22:17:51 [notice] 1#1: built by gcc 12.2.0 (Debian 12.2.0-14) 
2023/07/20 22:17:51 [notice] 1#1: OS: Linux 4.18.0-500.el8.x86_64
2023/07/20 22:17:51 [notice] 1#1: getrlimit(RLIMIT_NOFILE): 1048576:1048576
2023/07/20 22:17:51 [notice] 1#1: start worker processes
2023/07/20 22:17:51 [notice] 1#1: start worker process 28
2023/07/20 22:17:51 [notice] 1#1: start worker process 29
2023/07/20 22:17:51 [notice] 1#1: start worker process 30
2023/07/20 22:17:51 [notice] 1#1: start worker process 31
2023/07/20 22:17:51 [notice] 1#1: start worker process 32
2023/07/20 22:17:51 [notice] 1#1: start worker process 33
2023/07/20 22:17:51 [notice] 1#1: start worker process 34
2023/07/20 22:17:51 [notice] 1#1: start worker process 35
2023/07/20 22:19:35 [notice] 1#1: signal 3 (SIGQUIT) received, shutting down
2023/07/20 22:19:35 [notice] 29#29: gracefully shutting down
2023/07/20 22:19:35 [notice] 31#31: gracefully shutting down
2023/07/20 22:19:35 [notice] 30#30: gracefully shutting down
2023/07/20 22:19:35 [notice] 29#29: exiting
2023/07/20 22:19:35 [notice] 31#31: exiting
2023/07/20 22:19:35 [notice] 33#33: gracefully shutting down
2023/07/20 22:19:35 [notice] 33#33: exiting
2023/07/20 22:19:35 [notice] 35#35: gracefully shutting down
2023/07/20 22:19:35 [notice] 35#35: exiting
2023/07/20 22:19:35 [notice] 32#32: gracefully shutting down
2023/07/20 22:19:35 [notice] 32#32: exiting
2023/07/20 22:19:35 [notice] 29#29: exit
2023/07/20 22:19:35 [notice] 31#31: exit
2023/07/20 22:19:35 [notice] 35#35: exit
2023/07/20 22:19:35 [notice] 33#33: exit
2023/07/20 22:19:35 [notice] 32#32: exit
2023/07/20 22:19:35 [notice] 34#34: gracefully shutting down
2023/07/20 22:19:35 [notice] 34#34: exiting
2023/07/20 22:19:35 [notice] 34#34: exit
2023/07/20 22:19:35 [notice] 28#28: gracefully shutting down
2023/07/20 22:19:35 [notice] 28#28: exiting
2023/07/20 22:19:35 [notice] 28#28: exit
2023/07/20 22:19:35 [notice] 1#1: signal 17 (SIGCHLD) received from 35
2023/07/20 22:19:35 [notice] 1#1: worker process 35 exited with code 0
2023/07/20 22:19:35 [notice] 1#1: signal 29 (SIGIO) received
2023/07/20 22:19:35 [notice] 1#1: signal 17 (SIGCHLD) received from 34
2023/07/20 22:19:35 [notice] 1#1: worker process 29 exited with code 0
2023/07/20 22:19:35 [notice] 1#1: worker process 31 exited with code 0
2023/07/20 22:19:35 [notice] 1#1: worker process 32 exited with code 0
2023/07/20 22:19:35 [notice] 1#1: worker process 33 exited with code 0
2023/07/20 22:19:35 [notice] 1#1: worker process 34 exited with code 0
2023/07/20 22:19:35 [notice] 1#1: signal 29 (SIGIO) received
2023/07/20 22:19:35 [notice] 1#1: signal 17 (SIGCHLD) received from 28
2023/07/20 22:19:35 [notice] 1#1: worker process 28 exited with code 0
2023/07/20 22:19:35 [notice] 1#1: signal 29 (SIGIO) received
2023/07/20 22:19:39 [notice] 30#30: exiting
2023/07/20 22:19:39 [notice] 30#30: exit
2023/07/20 22:19:39 [notice] 1#1: signal 17 (SIGCHLD) received from 30
2023/07/20 22:19:39 [notice] 1#1: worker process 30 exited with code 0
2023/07/20 22:19:39 [notice] 1#1: exit
2023/07/20 22:19:39 [warn] 1#1: protocol options redefined for 0.0.0.0:443 in /etc/nginx/conf.d/proxy.conf:71
2023/07/20 22:19:39 [notice] 1#1: using the "epoll" event method
2023/07/20 22:19:39 [notice] 1#1: nginx/1.25.1
2023/07/20 22:19:39 [notice] 1#1: built by gcc 12.2.0 (Debian 12.2.0-14) 
2023/07/20 22:19:39 [notice] 1#1: OS: Linux 4.18.0-500.el8.x86_64
2023/07/20 22:19:39 [notice] 1#1: getrlimit(RLIMIT_NOFILE): 1048576:1048576
2023/07/20 22:19:39 [notice] 1#1: start worker processes
2023/07/20 22:19:39 [notice] 1#1: start worker process 28
2023/07/20 22:19:39 [notice] 1#1: start worker process 29
2023/07/20 22:19:39 [notice] 1#1: start worker process 30
2023/07/20 22:19:39 [notice] 1#1: start worker process 31
2023/07/20 22:19:39 [notice] 1#1: start worker process 32
2023/07/20 22:19:39 [notice] 1#1: start worker process 33
2023/07/20 22:19:39 [notice] 1#1: start worker process 34
2023/07/20 22:19:39 [notice] 1#1: start worker process 35
2023/07/20 22:20:01 [notice] 1#1: signal 3 (SIGQUIT) received, shutting down
2023/07/20 22:20:01 [notice] 29#29: gracefully shutting down
2023/07/20 22:20:01 [notice] 32#32: gracefully shutting down
2023/07/20 22:20:01 [notice] 31#31: gracefully shutting down
2023/07/20 22:20:01 [notice] 28#28: gracefully shutting down
2023/07/20 22:20:01 [notice] 29#29: exiting
2023/07/20 22:20:01 [notice] 32#32: exiting
2023/07/20 22:20:01 [notice] 31#31: exiting
2023/07/20 22:20:01 [notice] 28#28: exiting
2023/07/20 22:20:01 [notice] 30#30: gracefully shutting down
2023/07/20 22:20:01 [notice] 30#30: exiting
2023/07/20 22:20:01 [notice] 31#31: exit
2023/07/20 22:20:01 [notice] 32#32: exit
2023/07/20 22:20:01 [notice] 29#29: exit
2023/07/20 22:20:01 [notice] 28#28: exit
2023/07/20 22:20:01 [notice] 30#30: exit
2023/07/20 22:20:01 [notice] 34#34: gracefully shutting down
2023/07/20 22:20:01 [notice] 34#34: exiting
2023/07/20 22:20:01 [notice] 35#35: gracefully shutting down
2023/07/20 22:20:01 [notice] 35#35: exiting
2023/07/20 22:20:01 [notice] 33#33: gracefully shutting down
2023/07/20 22:20:01 [notice] 34#34: exit
2023/07/20 22:20:01 [notice] 33#33: exiting
2023/07/20 22:20:01 [notice] 35#35: exit
2023/07/20 22:20:01 [notice] 33#33: exit
2023/07/20 22:20:01 [notice] 1#1: signal 17 (SIGCHLD) received from 28
2023/07/20 22:20:01 [notice] 1#1: worker process 28 exited with code 0
2023/07/20 22:20:01 [notice] 1#1: signal 29 (SIGIO) received
2023/07/20 22:20:01 [notice] 1#1: signal 17 (SIGCHLD) received from 29
2023/07/20 22:20:01 [notice] 1#1: worker process 29 exited with code 0
2023/07/20 22:20:01 [notice] 1#1: signal 29 (SIGIO) received
2023/07/20 22:20:01 [notice] 1#1: signal 17 (SIGCHLD) received from 30
2023/07/20 22:20:01 [notice] 1#1: worker process 30 exited with code 0
2023/07/20 22:20:01 [notice] 1#1: worker process 31 exited with code 0
2023/07/20 22:20:01 [notice] 1#1: worker process 32 exited with code 0
2023/07/20 22:20:01 [notice] 1#1: signal 29 (SIGIO) received
2023/07/20 22:20:01 [notice] 1#1: signal 17 (SIGCHLD) received from 31
2023/07/20 22:20:01 [notice] 1#1: signal 17 (SIGCHLD) received from 34
2023/07/20 22:20:01 [notice] 1#1: worker process 34 exited with code 0
2023/07/20 22:20:01 [notice] 1#1: signal 29 (SIGIO) received
2023/07/20 22:20:01 [notice] 1#1: signal 17 (SIGCHLD) received from 35
2023/07/20 22:20:01 [notice] 1#1: worker process 35 exited with code 0
2023/07/20 22:20:01 [notice] 1#1: signal 29 (SIGIO) received
2023/07/20 22:20:01 [notice] 1#1: signal 17 (SIGCHLD) received from 33
2023/07/20 22:20:01 [notice] 1#1: worker process 33 exited with code 0
2023/07/20 22:20:01 [notice] 1#1: exit
2023/07/20 22:20:01 [warn] 1#1: protocol options redefined for 0.0.0.0:443 in /etc/nginx/conf.d/proxy.conf:71
2023/07/20 22:20:01 [notice] 1#1: using the "epoll" event method
2023/07/20 22:20:01 [notice] 1#1: nginx/1.25.1
2023/07/20 22:20:01 [notice] 1#1: built by gcc 12.2.0 (Debian 12.2.0-14) 
2023/07/20 22:20:01 [notice] 1#1: OS: Linux 4.18.0-500.el8.x86_64
2023/07/20 22:20:01 [notice] 1#1: getrlimit(RLIMIT_NOFILE): 1048576:1048576
2023/07/20 22:20:01 [notice] 1#1: start worker processes
2023/07/20 22:20:01 [notice] 1#1: start worker process 28
2023/07/20 22:20:01 [notice] 1#1: start worker process 29
2023/07/20 22:20:01 [notice] 1#1: start worker process 30
2023/07/20 22:20:01 [notice] 1#1: start worker process 31
2023/07/20 22:20:01 [notice] 1#1: start worker process 32
2023/07/20 22:20:01 [notice] 1#1: start worker process 33
2023/07/20 22:20:01 [notice] 1#1: start worker process 34
2023/07/20 22:20:01 [notice] 1#1: start worker process 35
2023/07/20 22:20:15 [notice] 1#1: signal 3 (SIGQUIT) received, shutting down
2023/07/20 22:20:15 [notice] 28#28: gracefully shutting down
2023/07/20 22:20:15 [notice] 29#29: gracefully shutting down
2023/07/20 22:20:15 [notice] 30#30: gracefully shutting down
2023/07/20 22:20:15 [notice] 30#30: exiting
2023/07/20 22:20:15 [notice] 33#33: gracefully shutting down
2023/07/20 22:20:15 [notice] 33#33: exiting
2023/07/20 22:20:15 [notice] 29#29: exiting
2023/07/20 22:20:15 [notice] 28#28: exiting
2023/07/20 22:20:15 [notice] 29#29: exit
2023/07/20 22:20:15 [notice] 28#28: exit
2023/07/20 22:20:15 [notice] 30#30: exit
2023/07/20 22:20:15 [notice] 31#31: gracefully shutting down
2023/07/20 22:20:15 [notice] 31#31: exiting
2023/07/20 22:20:15 [notice] 33#33: exit
2023/07/20 22:20:15 [notice] 31#31: exit
2023/07/20 22:20:15 [notice] 34#34: gracefully shutting down
2023/07/20 22:20:15 [notice] 32#32: gracefully shutting down
2023/07/20 22:20:15 [notice] 34#34: exiting
2023/07/20 22:20:15 [notice] 32#32: exiting
2023/07/20 22:20:15 [notice] 35#35: gracefully shutting down
2023/07/20 22:20:15 [notice] 34#34: exit
2023/07/20 22:20:15 [notice] 32#32: exit
2023/07/20 22:20:15 [notice] 35#35: exiting
2023/07/20 22:20:15 [notice] 35#35: exit
2023/07/20 22:20:15 [notice] 1#1: signal 17 (SIGCHLD) received from 33
2023/07/20 22:20:15 [notice] 1#1: worker process 28 exited with code 0
2023/07/20 22:20:15 [notice] 1#1: worker process 30 exited with code 0
2023/07/20 22:20:15 [notice] 1#1: worker process 31 exited with code 0
2023/07/20 22:20:15 [notice] 1#1: worker process 33 exited with code 0
2023/07/20 22:20:15 [notice] 1#1: signal 29 (SIGIO) received
2023/07/20 22:20:15 [notice] 1#1: signal 17 (SIGCHLD) received from 29
2023/07/20 22:20:15 [notice] 1#1: worker process 29 exited with code 0
2023/07/20 22:20:15 [notice] 1#1: signal 29 (SIGIO) received
2023/07/20 22:20:15 [notice] 1#1: signal 17 (SIGCHLD) received from 32
2023/07/20 22:20:15 [notice] 1#1: worker process 32 exited with code 0
2023/07/20 22:20:15 [notice] 1#1: signal 29 (SIGIO) received
2023/07/20 22:20:15 [notice] 1#1: signal 17 (SIGCHLD) received from 34
2023/07/20 22:20:15 [notice] 1#1: worker process 34 exited with code 0
2023/07/20 22:20:15 [notice] 1#1: worker process 35 exited with code 0
2023/07/20 22:20:15 [notice] 1#1: exit
2023/07/20 22:20:16 [warn] 1#1: protocol options redefined for 0.0.0.0:443 in /etc/nginx/conf.d/proxy.conf:71
2023/07/20 22:20:16 [notice] 1#1: using the "epoll" event method
2023/07/20 22:20:16 [notice] 1#1: nginx/1.25.1
2023/07/20 22:20:16 [notice] 1#1: built by gcc 12.2.0 (Debian 12.2.0-14) 
2023/07/20 22:20:16 [notice] 1#1: OS: Linux 4.18.0-500.el8.x86_64
2023/07/20 22:20:16 [notice] 1#1: getrlimit(RLIMIT_NOFILE): 1048576:1048576
2023/07/20 22:20:16 [notice] 1#1: start worker processes
2023/07/20 22:20:16 [notice] 1#1: start worker process 28
2023/07/20 22:20:16 [notice] 1#1: start worker process 29
2023/07/20 22:20:16 [notice] 1#1: start worker process 30
2023/07/20 22:20:16 [notice] 1#1: start worker process 31
2023/07/20 22:20:16 [notice] 1#1: start worker process 32
2023/07/20 22:20:16 [notice] 1#1: start worker process 33
2023/07/20 22:20:16 [notice] 1#1: start worker process 34
2023/07/20 22:20:16 [notice] 1#1: start worker process 35
2023/07/20 22:20:37 [notice] 1#1: signal 3 (SIGQUIT) received, shutting down
2023/07/20 22:20:37 [notice] 31#31: gracefully shutting down
2023/07/20 22:20:37 [notice] 30#30: gracefully shutting down
2023/07/20 22:20:37 [notice] 33#33: gracefully shutting down
2023/07/20 22:20:37 [notice] 28#28: gracefully shutting down
2023/07/20 22:20:37 [notice] 31#31: exiting
2023/07/20 22:20:37 [notice] 32#32: gracefully shutting down
2023/07/20 22:20:37 [notice] 33#33: exiting
2023/07/20 22:20:37 [notice] 28#28: exiting
2023/07/20 22:20:37 [notice] 32#32: exiting
2023/07/20 22:20:37 [notice] 35#35: gracefully shutting down
2023/07/20 22:20:37 [notice] 30#30: exiting
2023/07/20 22:20:37 [notice] 35#35: exiting
2023/07/20 22:20:37 [notice] 33#33: exit
2023/07/20 22:20:37 [notice] 31#31: exit
2023/07/20 22:20:37 [notice] 34#34: gracefully shutting down
2023/07/20 22:20:37 [notice] 34#34: exiting
2023/07/20 22:20:37 [notice] 28#28: exit
2023/07/20 22:20:37 [notice] 32#32: exit
2023/07/20 22:20:37 [notice] 30#30: exit
2023/07/20 22:20:37 [notice] 35#35: exit
2023/07/20 22:20:37 [notice] 34#34: exit
2023/07/20 22:20:37 [notice] 29#29: gracefully shutting down
2023/07/20 22:20:37 [notice] 29#29: exiting
2023/07/20 22:20:37 [notice] 29#29: exit
2023/07/20 22:20:37 [notice] 1#1: signal 17 (SIGCHLD) received from 34
2023/07/20 22:20:37 [notice] 1#1: worker process 34 exited with code 0
2023/07/20 22:20:37 [notice] 1#1: signal 29 (SIGIO) received
2023/07/20 22:20:37 [notice] 1#1: signal 17 (SIGCHLD) received from 32
2023/07/20 22:20:37 [notice] 1#1: worker process 32 exited with code 0
2023/07/20 22:20:37 [notice] 1#1: worker process 35 exited with code 0
2023/07/20 22:20:37 [notice] 1#1: signal 29 (SIGIO) received
2023/07/20 22:20:37 [notice] 1#1: signal 17 (SIGCHLD) received from 33
2023/07/20 22:20:37 [notice] 1#1: worker process 28 exited with code 0
2023/07/20 22:20:37 [notice] 1#1: worker process 30 exited with code 0
2023/07/20 22:20:37 [notice] 1#1: worker process 31 exited with code 0
2023/07/20 22:20:37 [notice] 1#1: worker process 33 exited with code 0
2023/07/20 22:20:37 [notice] 1#1: signal 29 (SIGIO) received
2023/07/20 22:20:37 [notice] 1#1: signal 17 (SIGCHLD) received from 29
2023/07/20 22:20:37 [notice] 1#1: worker process 29 exited with code 0
2023/07/20 22:20:37 [notice] 1#1: exit
2023/07/20 22:20:37 [warn] 1#1: protocol options redefined for 0.0.0.0:443 in /etc/nginx/conf.d/proxy.conf:71
2023/07/20 22:20:37 [notice] 1#1: using the "epoll" event method
2023/07/20 22:20:37 [notice] 1#1: nginx/1.25.1
2023/07/20 22:20:37 [notice] 1#1: built by gcc 12.2.0 (Debian 12.2.0-14) 
2023/07/20 22:20:37 [notice] 1#1: OS: Linux 4.18.0-500.el8.x86_64
2023/07/20 22:20:37 [notice] 1#1: getrlimit(RLIMIT_NOFILE): 1048576:1048576
2023/07/20 22:20:37 [notice] 1#1: start worker processes
2023/07/20 22:20:37 [notice] 1#1: start worker process 28
2023/07/20 22:20:37 [notice] 1#1: start worker process 29
2023/07/20 22:20:37 [notice] 1#1: start worker process 30
2023/07/20 22:20:37 [notice] 1#1: start worker process 31
2023/07/20 22:20:37 [notice] 1#1: start worker process 32
2023/07/20 22:20:37 [notice] 1#1: start worker process 33
2023/07/20 22:20:37 [notice] 1#1: start worker process 34
2023/07/20 22:20:37 [notice] 1#1: start worker process 35
2023/07/20 22:20:46 [notice] 1#1: signal 3 (SIGQUIT) received, shutting down
2023/07/20 22:20:46 [notice] 32#32: gracefully shutting down
2023/07/20 22:20:46 [notice] 29#29: gracefully shutting down
2023/07/20 22:20:46 [notice] 30#30: gracefully shutting down
2023/07/20 22:20:46 [notice] 32#32: exiting
2023/07/20 22:20:46 [notice] 29#29: exiting
2023/07/20 22:20:46 [notice] 30#30: exiting
2023/07/20 22:20:46 [notice] 34#34: gracefully shutting down
2023/07/20 22:20:46 [notice] 34#34: exiting
2023/07/20 22:20:46 [notice] 28#28: gracefully shutting down
2023/07/20 22:20:46 [notice] 28#28: exiting
2023/07/20 22:20:46 [notice] 31#31: gracefully shutting down
2023/07/20 22:20:46 [notice] 31#31: exiting
2023/07/20 22:20:46 [notice] 32#32: exit
2023/07/20 22:20:46 [notice] 30#30: exit
2023/07/20 22:20:46 [notice] 34#34: exit
2023/07/20 22:20:46 [notice] 28#28: exit
2023/07/20 22:20:46 [notice] 31#31: exit
2023/07/20 22:20:46 [notice] 35#35: gracefully shutting down
2023/07/20 22:20:46 [notice] 33#33: gracefully shutting down
2023/07/20 22:20:46 [notice] 35#35: exiting
2023/07/20 22:20:46 [notice] 33#33: exiting
2023/07/20 22:20:46 [notice] 29#29: exit
2023/07/20 22:20:46 [notice] 35#35: exit
2023/07/20 22:20:46 [notice] 33#33: exit
2023/07/20 22:20:47 [notice] 1#1: signal 17 (SIGCHLD) received from 30
2023/07/20 22:20:47 [notice] 1#1: worker process 30 exited with code 0
2023/07/20 22:20:47 [notice] 1#1: worker process 34 exited with code 0
2023/07/20 22:20:47 [notice] 1#1: signal 29 (SIGIO) received
2023/07/20 22:20:47 [notice] 1#1: signal 17 (SIGCHLD) received from 35
2023/07/20 22:20:47 [notice] 1#1: worker process 35 exited with code 0
2023/07/20 22:20:47 [notice] 1#1: signal 29 (SIGIO) received
2023/07/20 22:20:47 [notice] 1#1: signal 17 (SIGCHLD) received from 29
2023/07/20 22:20:47 [notice] 1#1: worker process 29 exited with code 0
2023/07/20 22:20:47 [notice] 1#1: worker process 28 exited with code 0
2023/07/20 22:20:47 [notice] 1#1: signal 29 (SIGIO) received
2023/07/20 22:20:47 [notice] 1#1: signal 17 (SIGCHLD) received from 28
2023/07/20 22:20:47 [notice] 1#1: signal 17 (SIGCHLD) received from 31
2023/07/20 22:20:47 [notice] 1#1: worker process 31 exited with code 0
2023/07/20 22:20:47 [notice] 1#1: signal 29 (SIGIO) received
2023/07/20 22:20:47 [notice] 1#1: signal 17 (SIGCHLD) received from 33
2023/07/20 22:20:47 [notice] 1#1: worker process 33 exited with code 0
2023/07/20 22:20:47 [notice] 1#1: signal 29 (SIGIO) received
2023/07/20 22:20:47 [notice] 1#1: signal 17 (SIGCHLD) received from 32
2023/07/20 22:20:47 [notice] 1#1: worker process 32 exited with code 0
2023/07/20 22:20:47 [notice] 1#1: exit
2023/07/20 22:20:47 [warn] 1#1: protocol options redefined for 0.0.0.0:443 in /etc/nginx/conf.d/proxy.conf:71
2023/07/20 22:20:47 [notice] 1#1: using the "epoll" event method
2023/07/20 22:20:47 [notice] 1#1: nginx/1.25.1
2023/07/20 22:20:47 [notice] 1#1: built by gcc 12.2.0 (Debian 12.2.0-14) 
2023/07/20 22:20:47 [notice] 1#1: OS: Linux 4.18.0-500.el8.x86_64
2023/07/20 22:20:47 [notice] 1#1: getrlimit(RLIMIT_NOFILE): 1048576:1048576
2023/07/20 22:20:47 [notice] 1#1: start worker processes
2023/07/20 22:20:47 [notice] 1#1: start worker process 28
2023/07/20 22:20:47 [notice] 1#1: start worker process 29
2023/07/20 22:20:47 [notice] 1#1: start worker process 30
2023/07/20 22:20:47 [notice] 1#1: start worker process 31
2023/07/20 22:20:47 [notice] 1#1: start worker process 32
2023/07/20 22:20:47 [notice] 1#1: start worker process 33
2023/07/20 22:20:47 [notice] 1#1: start worker process 34
2023/07/20 22:20:47 [notice] 1#1: start worker process 35
2023/07/21 09:06:23 [warn] 1#1: protocol options redefined for 0.0.0.0:443 in /etc/nginx/conf.d/proxy.conf:71
2023/07/21 09:06:23 [emerg] 1#1: host not found in upstream "prometheus" in /etc/nginx/conf.d/proxy.conf:57
2023/07/21 09:06:24 [warn] 1#1: protocol options redefined for 0.0.0.0:443 in /etc/nginx/conf.d/proxy.conf:71
2023/07/21 09:06:24 [emerg] 1#1: host not found in upstream "mysql-exporter" in /etc/nginx/conf.d/proxy.conf:269
2023/07/21 09:06:24 [warn] 1#1: protocol options redefined for 0.0.0.0:443 in /etc/nginx/conf.d/proxy.conf:71
2023/07/21 09:06:24 [emerg] 1#1: host not found in upstream "nginx-exporter" in /etc/nginx/conf.d/proxy.conf:259
2023/07/21 09:06:25 [warn] 1#1: protocol options redefined for 0.0.0.0:443 in /etc/nginx/conf.d/proxy.conf:71
2023/07/21 09:06:25 [emerg] 1#1: host not found in upstream "mysql-exporter" in /etc/nginx/conf.d/proxy.conf:269
2023/07/21 09:06:26 [warn] 1#1: protocol options redefined for 0.0.0.0:443 in /etc/nginx/conf.d/proxy.conf:71
2023/07/21 09:06:26 [emerg] 1#1: host not found in upstream "mysql-exporter" in /etc/nginx/conf.d/proxy.conf:269
2023/07/21 09:06:28 [warn] 1#1: protocol options redefined for 0.0.0.0:443 in /etc/nginx/conf.d/proxy.conf:71
2023/07/21 09:06:28 [emerg] 1#1: host not found in upstream "mysql-exporter" in /etc/nginx/conf.d/proxy.conf:269
2023/07/21 09:06:32 [warn] 1#1: protocol options redefined for 0.0.0.0:443 in /etc/nginx/conf.d/proxy.conf:71
2023/07/21 09:06:32 [emerg] 1#1: host not found in upstream "mysql-exporter" in /etc/nginx/conf.d/proxy.conf:269
2023/07/21 09:06:39 [warn] 1#1: protocol options redefined for 0.0.0.0:443 in /etc/nginx/conf.d/proxy.conf:71
2023/07/21 09:06:39 [emerg] 1#1: host not found in upstream "mysql-exporter" in /etc/nginx/conf.d/proxy.conf:269
2023/07/21 09:06:52 [warn] 1#1: protocol options redefined for 0.0.0.0:443 in /etc/nginx/conf.d/proxy.conf:71
2023/07/21 09:06:52 [emerg] 1#1: host not found in upstream "nginx-exporter" in /etc/nginx/conf.d/proxy.conf:259
2023/07/21 09:07:18 [warn] 1#1: protocol options redefined for 0.0.0.0:443 in /etc/nginx/conf.d/proxy.conf:71
2023/07/21 09:07:18 [emerg] 1#1: host not found in upstream "mysql-exporter" in /etc/nginx/conf.d/proxy.conf:269
2023/07/21 09:08:09 [warn] 1#1: protocol options redefined for 0.0.0.0:443 in /etc/nginx/conf.d/proxy.conf:71
2023/07/21 09:08:09 [emerg] 1#1: host not found in upstream "nginx-exporter" in /etc/nginx/conf.d/proxy.conf:259
2023/07/21 09:09:10 [warn] 1#1: protocol options redefined for 0.0.0.0:443 in /etc/nginx/conf.d/proxy.conf:71
2023/07/21 09:09:10 [emerg] 1#1: host not found in upstream "mysql-exporter" in /etc/nginx/conf.d/proxy.conf:269
2023/07/21 09:10:10 [warn] 1#1: protocol options redefined for 0.0.0.0:443 in /etc/nginx/conf.d/proxy.conf:71
2023/07/21 09:10:10 [emerg] 1#1: host not found in upstream "mysql-exporter" in /etc/nginx/conf.d/proxy.conf:269
2023/07/21 09:11:11 [warn] 1#1: protocol options redefined for 0.0.0.0:443 in /etc/nginx/conf.d/proxy.conf:71
2023/07/21 09:11:11 [emerg] 1#1: host not found in upstream "mysql-exporter" in /etc/nginx/conf.d/proxy.conf:269
2023/07/21 09:11:21 [warn] 1#1: protocol options redefined for 0.0.0.0:443 in /etc/nginx/conf.d/proxy.conf:71
2023/07/21 09:11:21 [emerg] 1#1: host not found in upstream "nginx-exporter" in /etc/nginx/conf.d/proxy.conf:259
2023/07/21 09:11:21 [warn] 1#1: protocol options redefined for 0.0.0.0:443 in /etc/nginx/conf.d/proxy.conf:71
2023/07/21 09:11:21 [emerg] 1#1: host not found in upstream "nginx-exporter" in /etc/nginx/conf.d/proxy.conf:259
2023/07/21 09:11:22 [warn] 1#1: protocol options redefined for 0.0.0.0:443 in /etc/nginx/conf.d/proxy.conf:71
2023/07/21 09:11:22 [emerg] 1#1: host not found in upstream "nginx-exporter" in /etc/nginx/conf.d/proxy.conf:259
2023/07/21 09:11:22 [warn] 1#1: protocol options redefined for 0.0.0.0:443 in /etc/nginx/conf.d/proxy.conf:71
2023/07/21 09:11:22 [emerg] 1#1: host not found in upstream "nginx-exporter" in /etc/nginx/conf.d/proxy.conf:259
2023/07/21 09:11:23 [warn] 1#1: protocol options redefined for 0.0.0.0:443 in /etc/nginx/conf.d/proxy.conf:71
2023/07/21 09:11:23 [emerg] 1#1: host not found in upstream "nginx-exporter" in /etc/nginx/conf.d/proxy.conf:259
2023/07/21 09:11:25 [warn] 1#1: protocol options redefined for 0.0.0.0:443 in /etc/nginx/conf.d/proxy.conf:71
2023/07/21 09:11:25 [emerg] 1#1: host not found in upstream "nginx-exporter" in /etc/nginx/conf.d/proxy.conf:259
2023/07/21 09:11:29 [warn] 1#1: protocol options redefined for 0.0.0.0:443 in /etc/nginx/conf.d/proxy.conf:71
2023/07/21 09:11:29 [emerg] 1#1: host not found in upstream "nginx-exporter" in /etc/nginx/conf.d/proxy.conf:259
2023/07/21 09:11:36 [warn] 1#1: protocol options redefined for 0.0.0.0:443 in /etc/nginx/conf.d/proxy.conf:71
2023/07/21 09:11:36 [emerg] 1#1: host not found in upstream "nginx-exporter" in /etc/nginx/conf.d/proxy.conf:259
2023/07/21 09:11:49 [warn] 1#1: protocol options redefined for 0.0.0.0:443 in /etc/nginx/conf.d/proxy.conf:71
2023/07/21 09:11:49 [emerg] 1#1: host not found in upstream "nginx-exporter" in /etc/nginx/conf.d/proxy.conf:259
2023/07/21 09:12:04 [warn] 1#1: protocol options redefined for 0.0.0.0:443 in /etc/nginx/conf.d/proxy.conf:71
2023/07/21 09:12:04 [emerg] 1#1: host not found in upstream "nginx-exporter" in /etc/nginx/conf.d/proxy.conf:259
2023/07/21 09:12:04 [warn] 1#1: protocol options redefined for 0.0.0.0:443 in /etc/nginx/conf.d/proxy.conf:71
2023/07/21 09:12:04 [emerg] 1#1: host not found in upstream "nginx-exporter" in /etc/nginx/conf.d/proxy.conf:259
2023/07/21 09:12:05 [warn] 1#1: protocol options redefined for 0.0.0.0:443 in /etc/nginx/conf.d/proxy.conf:71
2023/07/21 09:12:05 [emerg] 1#1: host not found in upstream "nginx-exporter" in /etc/nginx/conf.d/proxy.conf:259
2023/07/21 09:12:05 [warn] 1#1: protocol options redefined for 0.0.0.0:443 in /etc/nginx/conf.d/proxy.conf:71
2023/07/21 09:12:05 [emerg] 1#1: host not found in upstream "nginx-exporter" in /etc/nginx/conf.d/proxy.conf:259
2023/07/21 09:12:07 [warn] 1#1: protocol options redefined for 0.0.0.0:443 in /etc/nginx/conf.d/proxy.conf:71
2023/07/21 09:12:07 [emerg] 1#1: host not found in upstream "nginx-exporter" in /etc/nginx/conf.d/proxy.conf:259
2023/07/21 09:12:09 [warn] 1#1: protocol options redefined for 0.0.0.0:443 in /etc/nginx/conf.d/proxy.conf:71
2023/07/21 09:12:09 [emerg] 1#1: host not found in upstream "nginx-exporter" in /etc/nginx/conf.d/proxy.conf:259
2023/07/21 09:12:12 [warn] 1#1: protocol options redefined for 0.0.0.0:443 in /etc/nginx/conf.d/proxy.conf:71
2023/07/21 09:12:12 [emerg] 1#1: host not found in upstream "nginx-exporter" in /etc/nginx/conf.d/proxy.conf:259
2023/07/21 09:12:19 [warn] 1#1: protocol options redefined for 0.0.0.0:443 in /etc/nginx/conf.d/proxy.conf:71
2023/07/21 09:12:19 [emerg] 1#1: host not found in upstream "nginx-exporter" in /etc/nginx/conf.d/proxy.conf:259
2023/07/21 09:12:32 [warn] 1#1: protocol options redefined for 0.0.0.0:443 in /etc/nginx/conf.d/proxy.conf:71
2023/07/21 09:12:32 [emerg] 1#1: host not found in upstream "nginx-exporter" in /etc/nginx/conf.d/proxy.conf:259
2023/07/21 09:12:58 [warn] 1#1: protocol options redefined for 0.0.0.0:443 in /etc/nginx/conf.d/proxy.conf:71
2023/07/21 09:12:58 [emerg] 1#1: host not found in upstream "nginx-exporter" in /etc/nginx/conf.d/proxy.conf:259
2023/07/21 09:13:44 [warn] 1#1: protocol options redefined for 0.0.0.0:443 in /etc/nginx/conf.d/proxy.conf:71
2023/07/21 09:13:44 [notice] 1#1: using the "epoll" event method
2023/07/21 09:13:44 [notice] 1#1: nginx/1.25.1
2023/07/21 09:13:44 [notice] 1#1: built by gcc 12.2.0 (Debian 12.2.0-14) 
2023/07/21 09:13:44 [notice] 1#1: OS: Linux 4.18.0-500.el8.x86_64
2023/07/21 09:13:44 [notice] 1#1: getrlimit(RLIMIT_NOFILE): 1048576:1048576
2023/07/21 09:13:44 [notice] 1#1: start worker processes
2023/07/21 09:13:44 [notice] 1#1: start worker process 28
2023/07/21 09:13:44 [notice] 1#1: start worker process 29
2023/07/21 09:13:44 [notice] 1#1: start worker process 30
2023/07/21 09:13:44 [notice] 1#1: start worker process 31
2023/07/21 09:13:44 [notice] 1#1: start worker process 32
2023/07/21 09:13:44 [notice] 1#1: start worker process 33
2023/07/21 09:13:44 [notice] 1#1: start worker process 34
2023/07/21 09:13:44 [notice] 1#1: start worker process 35
2023/07/23 23:18:47 [notice] 1#1: signal 3 (SIGQUIT) received, shutting down
2023/07/23 23:18:47 [notice] 29#29: gracefully shutting down
2023/07/23 23:18:47 [notice] 28#28: gracefully shutting down
2023/07/23 23:18:47 [notice] 30#30: gracefully shutting down
2023/07/23 23:18:47 [notice] 33#33: gracefully shutting down
2023/07/23 23:18:47 [notice] 33#33: exiting
2023/07/23 23:18:47 [notice] 29#29: exiting
2023/07/23 23:18:47 [notice] 30#30: exiting
2023/07/23 23:18:47 [notice] 32#32: gracefully shutting down
2023/07/23 23:18:47 [notice] 31#31: gracefully shutting down
2023/07/23 23:18:47 [notice] 32#32: exiting
2023/07/23 23:18:47 [notice] 31#31: exiting
2023/07/23 23:18:47 [notice] 35#35: gracefully shutting down
2023/07/23 23:18:47 [notice] 34#34: gracefully shutting down
2023/07/23 23:18:47 [notice] 34#34: exiting
2023/07/23 23:18:47 [notice] 30#30: exit
2023/07/23 23:18:47 [notice] 29#29: exit
2023/07/23 23:18:47 [notice] 32#32: exit
2023/07/23 23:18:47 [notice] 31#31: exit
2023/07/23 23:18:47 [notice] 33#33: exit
2023/07/23 23:18:47 [notice] 34#34: exit
2023/07/23 23:18:47 [notice] 35#35: exiting
2023/07/23 23:18:47 [notice] 35#35: exit
2023/07/23 23:18:47 [notice] 1#1: signal 17 (SIGCHLD) received from 29
2023/07/23 23:18:47 [notice] 1#1: worker process 29 exited with code 0
2023/07/23 23:18:47 [notice] 1#1: worker process 30 exited with code 0
2023/07/23 23:18:47 [notice] 1#1: worker process 31 exited with code 0
2023/07/23 23:18:47 [notice] 1#1: worker process 32 exited with code 0
2023/07/23 23:18:47 [notice] 1#1: signal 29 (SIGIO) received
2023/07/23 23:18:47 [notice] 1#1: signal 17 (SIGCHLD) received from 31
2023/07/23 23:18:47 [notice] 1#1: signal 17 (SIGCHLD) received from 34
2023/07/23 23:18:47 [notice] 1#1: worker process 33 exited with code 0
2023/07/23 23:18:47 [notice] 1#1: worker process 34 exited with code 0
2023/07/23 23:18:47 [notice] 1#1: signal 29 (SIGIO) received
2023/07/23 23:18:47 [notice] 1#1: signal 17 (SIGCHLD) received from 35
2023/07/23 23:18:47 [notice] 1#1: worker process 35 exited with code 0
2023/07/23 23:18:47 [notice] 1#1: signal 29 (SIGIO) received
2023/07/23 23:19:02 [warn] 1#1: protocol options redefined for 0.0.0.0:443 in /etc/nginx/conf.d/proxy.conf:71
2023/07/23 23:19:02 [notice] 1#1: using the "epoll" event method
2023/07/23 23:19:02 [notice] 1#1: nginx/1.25.1
2023/07/23 23:19:02 [notice] 1#1: built by gcc 12.2.0 (Debian 12.2.0-14) 
2023/07/23 23:19:02 [notice] 1#1: OS: Linux 4.18.0-500.el8.x86_64
2023/07/23 23:19:02 [notice] 1#1: getrlimit(RLIMIT_NOFILE): 1048576:1048576
2023/07/23 23:19:02 [notice] 1#1: start worker processes
2023/07/23 23:19:02 [notice] 1#1: start worker process 28
2023/07/23 23:19:02 [notice] 1#1: start worker process 29
2023/07/23 23:19:02 [notice] 1#1: start worker process 30
2023/07/23 23:19:02 [notice] 1#1: start worker process 31
2023/07/23 23:19:02 [notice] 1#1: start worker process 32
2023/07/23 23:19:02 [notice] 1#1: start worker process 33
2023/07/23 23:19:02 [notice] 1#1: start worker process 34
2023/07/23 23:19:02 [notice] 1#1: start worker process 35
